Copyright 1986-2022 Xilinx, Inc. All Rights Reserved.
------------------------------------------------------------------------------------------------------------------------------------------------------
| Tool Version : Vivado v.2022.1 (win64) Build 3526262 Mon Apr 18 15:48:16 MDT 2022
| Date         : Thu Jun  6 13:59:35 2024
| Host         : Maciek running 64-bit major release  (build 9200)
| Command      : report_drc -file fft_parallel_wrapper_drc_routed.rpt -pb fft_parallel_wrapper_drc_routed.pb -rpx fft_parallel_wrapper_drc_routed.rpx
| Design       : fft_parallel_wrapper
| Device       : xck26-sfvc784-2LV-c
| Speed File   : -2LV
| Design State : Fully Routed
------------------------------------------------------------------------------------------------------------------------------------------------------

Report DRC

Table of Contents
-----------------
1. REPORT SUMMARY
2. REPORT DETAILS

1. REPORT SUMMARY
-----------------
            Netlist: netlist
          Floorplan: design_1
      Design limits: <entire design considered>
           Ruledeck: default
             Max violations: <unlimited>
             Violations found: 67
+-----------+----------+-------------------------+------------+
| Rule      | Severity | Description             | Violations |
+-----------+----------+-------------------------+------------+
| DPIP-2    | Warning  | Input pipelining        | 24         |
| DPOP-3    | Warning  | PREG Output pipelining  | 12         |
| DPOP-4    | Warning  | MREG Output pipelining  | 24         |
| PDCN-1569 | Warning  | LUT equation term check | 6          |
| RTSTAT-10 | Warning  | No routable loads       | 1          |
+-----------+----------+-------------------------+------------+

2. REPORT DETAILS
-----------------
DPIP-2#1 Warning
Input pipelining  
DSP fft_parallel_i/fft_parallel_ip_0/inst/fft_parallel_ip_v1_0_S00_AXI_inst/fft_parallel/butterfly_generator[0].butterfly/mul/aMinusBtimesD0 input fft_parallel_i/fft_parallel_ip_0/inst/fft_parallel_ip_v1_0_S00_AXI_inst/fft_parallel/butterfly_generator[0].butterfly/mul/aMinusBtimesD0/B[17:0] is not pipelined. Pipelining DSP48 input will improve performance.
Related violations: <none>

DPIP-2#2 Warning
Input pipelining  
DSP fft_parallel_i/fft_parallel_ip_0/inst/fft_parallel_ip_v1_0_S00_AXI_inst/fft_parallel/butterfly_generator[0].butterfly/mul/aMinusBtimesD_reg input fft_parallel_i/fft_parallel_ip_0/inst/fft_parallel_ip_v1_0_S00_AXI_inst/fft_parallel/butterfly_generator[0].butterfly/mul/aMinusBtimesD_reg/B[17:0] is not pipelined. Pipelining DSP48 input will improve performance.
Related violations: <none>

DPIP-2#3 Warning
Input pipelining  
DSP fft_parallel_i/fft_parallel_ip_0/inst/fft_parallel_ip_v1_0_S00_AXI_inst/fft_parallel/butterfly_generator[0].butterfly/mul/cMinusDtimesA0 input fft_parallel_i/fft_parallel_ip_0/inst/fft_parallel_ip_v1_0_S00_AXI_inst/fft_parallel/butterfly_generator[0].butterfly/mul/cMinusDtimesA0/B[17:0] is not pipelined. Pipelining DSP48 input will improve performance.
Related violations: <none>

DPIP-2#4 Warning
Input pipelining  
DSP fft_parallel_i/fft_parallel_ip_0/inst/fft_parallel_ip_v1_0_S00_AXI_inst/fft_parallel/butterfly_generator[0].butterfly/mul/cMinusDtimesA_reg input fft_parallel_i/fft_parallel_ip_0/inst/fft_parallel_ip_v1_0_S00_AXI_inst/fft_parallel/butterfly_generator[0].butterfly/mul/cMinusDtimesA_reg/B[17:0] is not pipelined. Pipelining DSP48 input will improve performance.
Related violations: <none>

DPIP-2#5 Warning
Input pipelining  
DSP fft_parallel_i/fft_parallel_ip_0/inst/fft_parallel_ip_v1_0_S00_AXI_inst/fft_parallel/butterfly_generator[0].butterfly/mul/cPlusDtimesB0 input fft_parallel_i/fft_parallel_ip_0/inst/fft_parallel_ip_v1_0_S00_AXI_inst/fft_parallel/butterfly_generator[0].butterfly/mul/cPlusDtimesB0/B[17:0] is not pipelined. Pipelining DSP48 input will improve performance.
Related violations: <none>

DPIP-2#6 Warning
Input pipelining  
DSP fft_parallel_i/fft_parallel_ip_0/inst/fft_parallel_ip_v1_0_S00_AXI_inst/fft_parallel/butterfly_generator[0].butterfly/mul/cPlusDtimesB_reg input fft_parallel_i/fft_parallel_ip_0/inst/fft_parallel_ip_v1_0_S00_AXI_inst/fft_parallel/butterfly_generator[0].butterfly/mul/cPlusDtimesB_reg/B[17:0] is not pipelined. Pipelining DSP48 input will improve performance.
Related violations: <none>

DPIP-2#7 Warning
Input pipelining  
DSP fft_parallel_i/fft_parallel_ip_0/inst/fft_parallel_ip_v1_0_S00_AXI_inst/fft_parallel/butterfly_generator[1].butterfly/mul/aMinusBtimesD0 input fft_parallel_i/fft_parallel_ip_0/inst/fft_parallel_ip_v1_0_S00_AXI_inst/fft_parallel/butterfly_generator[1].butterfly/mul/aMinusBtimesD0/B[17:0] is not pipelined. Pipelining DSP48 input will improve performance.
Related violations: <none>

DPIP-2#8 Warning
Input pipelining  
DSP fft_parallel_i/fft_parallel_ip_0/inst/fft_parallel_ip_v1_0_S00_AXI_inst/fft_parallel/butterfly_generator[1].butterfly/mul/aMinusBtimesD_reg input fft_parallel_i/fft_parallel_ip_0/inst/fft_parallel_ip_v1_0_S00_AXI_inst/fft_parallel/butterfly_generator[1].butterfly/mul/aMinusBtimesD_reg/B[17:0] is not pipelined. Pipelining DSP48 input will improve performance.
Related violations: <none>

DPIP-2#9 Warning
Input pipelining  
DSP fft_parallel_i/fft_parallel_ip_0/inst/fft_parallel_ip_v1_0_S00_AXI_inst/fft_parallel/butterfly_generator[1].butterfly/mul/cMinusDtimesA0 input fft_parallel_i/fft_parallel_ip_0/inst/fft_parallel_ip_v1_0_S00_AXI_inst/fft_parallel/butterfly_generator[1].butterfly/mul/cMinusDtimesA0/B[17:0] is not pipelined. Pipelining DSP48 input will improve performance.
Related violations: <none>

DPIP-2#10 Warning
Input pipelining  
DSP fft_parallel_i/fft_parallel_ip_0/inst/fft_parallel_ip_v1_0_S00_AXI_inst/fft_parallel/butterfly_generator[1].butterfly/mul/cMinusDtimesA_reg input fft_parallel_i/fft_parallel_ip_0/inst/fft_parallel_ip_v1_0_S00_AXI_inst/fft_parallel/butterfly_generator[1].butterfly/mul/cMinusDtimesA_reg/B[17:0] is not pipelined. Pipelining DSP48 input will improve performance.
Related violations: <none>

DPIP-2#11 Warning
Input pipelining  
DSP fft_parallel_i/fft_parallel_ip_0/inst/fft_parallel_ip_v1_0_S00_AXI_inst/fft_parallel/butterfly_generator[1].butterfly/mul/cPlusDtimesB0 input fft_parallel_i/fft_parallel_ip_0/inst/fft_parallel_ip_v1_0_S00_AXI_inst/fft_parallel/butterfly_generator[1].butterfly/mul/cPlusDtimesB0/B[17:0] is not pipelined. Pipelining DSP48 input will improve performance.
Related violations: <none>

DPIP-2#12 Warning
Input pipelining  
DSP fft_parallel_i/fft_parallel_ip_0/inst/fft_parallel_ip_v1_0_S00_AXI_inst/fft_parallel/butterfly_generator[1].butterfly/mul/cPlusDtimesB_reg input fft_parallel_i/fft_parallel_ip_0/inst/fft_parallel_ip_v1_0_S00_AXI_inst/fft_parallel/butterfly_generator[1].butterfly/mul/cPlusDtimesB_reg/B[17:0] is not pipelined. Pipelining DSP48 input will improve performance.
Related violations: <none>

DPIP-2#13 Warning
Input pipelining  
DSP fft_parallel_i/fft_parallel_ip_0/inst/fft_parallel_ip_v1_0_S00_AXI_inst/fft_parallel/butterfly_generator[2].butterfly/mul/aMinusBtimesD0 input fft_parallel_i/fft_parallel_ip_0/inst/fft_parallel_ip_v1_0_S00_AXI_inst/fft_parallel/butterfly_generator[2].butterfly/mul/aMinusBtimesD0/B[17:0] is not pipelined. Pipelining DSP48 input will improve performance.
Related violations: <none>

DPIP-2#14 Warning
Input pipelining  
DSP fft_parallel_i/fft_parallel_ip_0/inst/fft_parallel_ip_v1_0_S00_AXI_inst/fft_parallel/butterfly_generator[2].butterfly/mul/aMinusBtimesD_reg input fft_parallel_i/fft_parallel_ip_0/inst/fft_parallel_ip_v1_0_S00_AXI_inst/fft_parallel/butterfly_generator[2].butterfly/mul/aMinusBtimesD_reg/B[17:0] is not pipelined. Pipelining DSP48 input will improve performance.
Related violations: <none>

DPIP-2#15 Warning
Input pipelining  
DSP fft_parallel_i/fft_parallel_ip_0/inst/fft_parallel_ip_v1_0_S00_AXI_inst/fft_parallel/butterfly_generator[2].butterfly/mul/cMinusDtimesA0 input fft_parallel_i/fft_parallel_ip_0/inst/fft_parallel_ip_v1_0_S00_AXI_inst/fft_parallel/butterfly_generator[2].butterfly/mul/cMinusDtimesA0/B[17:0] is not pipelined. Pipelining DSP48 input will improve performance.
Related violations: <none>

DPIP-2#16 Warning
Input pipelining  
DSP fft_parallel_i/fft_parallel_ip_0/inst/fft_parallel_ip_v1_0_S00_AXI_inst/fft_parallel/butterfly_generator[2].butterfly/mul/cMinusDtimesA_reg input fft_parallel_i/fft_parallel_ip_0/inst/fft_parallel_ip_v1_0_S00_AXI_inst/fft_parallel/butterfly_generator[2].butterfly/mul/cMinusDtimesA_reg/B[17:0] is not pipelined. Pipelining DSP48 input will improve performance.
Related violations: <none>

DPIP-2#17 Warning
Input pipelining  
DSP fft_parallel_i/fft_parallel_ip_0/inst/fft_parallel_ip_v1_0_S00_AXI_inst/fft_parallel/butterfly_generator[2].butterfly/mul/cPlusDtimesB0 input fft_parallel_i/fft_parallel_ip_0/inst/fft_parallel_ip_v1_0_S00_AXI_inst/fft_parallel/butterfly_generator[2].butterfly/mul/cPlusDtimesB0/B[17:0] is not pipelined. Pipelining DSP48 input will improve performance.
Related violations: <none>

DPIP-2#18 Warning
Input pipelining  
DSP fft_parallel_i/fft_parallel_ip_0/inst/fft_parallel_ip_v1_0_S00_AXI_inst/fft_parallel/butterfly_generator[2].butterfly/mul/cPlusDtimesB_reg input fft_parallel_i/fft_parallel_ip_0/inst/fft_parallel_ip_v1_0_S00_AXI_inst/fft_parallel/butterfly_generator[2].butterfly/mul/cPlusDtimesB_reg/B[17:0] is not pipelined. Pipelining DSP48 input will improve performance.
Related violations: <none>

DPIP-2#19 Warning
Input pipelining  
DSP fft_parallel_i/fft_parallel_ip_0/inst/fft_parallel_ip_v1_0_S00_AXI_inst/fft_parallel/butterfly_generator[3].butterfly/mul/aMinusBtimesD0 input fft_parallel_i/fft_parallel_ip_0/inst/fft_parallel_ip_v1_0_S00_AXI_inst/fft_parallel/butterfly_generator[3].butterfly/mul/aMinusBtimesD0/B[17:0] is not pipelined. Pipelining DSP48 input will improve performance.
Related violations: <none>

DPIP-2#20 Warning
Input pipelining  
DSP fft_parallel_i/fft_parallel_ip_0/inst/fft_parallel_ip_v1_0_S00_AXI_inst/fft_parallel/butterfly_generator[3].butterfly/mul/aMinusBtimesD_reg input fft_parallel_i/fft_parallel_ip_0/inst/fft_parallel_ip_v1_0_S00_AXI_inst/fft_parallel/butterfly_generator[3].butterfly/mul/aMinusBtimesD_reg/B[17:0] is not pipelined. Pipelining DSP48 input will improve performance.
Related violations: <none>

DPIP-2#21 Warning
Input pipelining  
DSP fft_parallel_i/fft_parallel_ip_0/inst/fft_parallel_ip_v1_0_S00_AXI_inst/fft_parallel/butterfly_generator[3].butterfly/mul/cMinusDtimesA0 input fft_parallel_i/fft_parallel_ip_0/inst/fft_parallel_ip_v1_0_S00_AXI_inst/fft_parallel/butterfly_generator[3].butterfly/mul/cMinusDtimesA0/B[17:0] is not pipelined. Pipelining DSP48 input will improve performance.
Related violations: <none>

DPIP-2#22 Warning
Input pipelining  
DSP fft_parallel_i/fft_parallel_ip_0/inst/fft_parallel_ip_v1_0_S00_AXI_inst/fft_parallel/butterfly_generator[3].butterfly/mul/cMinusDtimesA_reg input fft_parallel_i/fft_parallel_ip_0/inst/fft_parallel_ip_v1_0_S00_AXI_inst/fft_parallel/butterfly_generator[3].butterfly/mul/cMinusDtimesA_reg/B[17:0] is not pipelined. Pipelining DSP48 input will improve performance.
Related violations: <none>

DPIP-2#23 Warning
Input pipelining  
DSP fft_parallel_i/fft_parallel_ip_0/inst/fft_parallel_ip_v1_0_S00_AXI_inst/fft_parallel/butterfly_generator[3].butterfly/mul/cPlusDtimesB0 input fft_parallel_i/fft_parallel_ip_0/inst/fft_parallel_ip_v1_0_S00_AXI_inst/fft_parallel/butterfly_generator[3].butterfly/mul/cPlusDtimesB0/B[17:0] is not pipelined. Pipelining DSP48 input will improve performance.
Related violations: <none>

DPIP-2#24 Warning
Input pipelining  
DSP fft_parallel_i/fft_parallel_ip_0/inst/fft_parallel_ip_v1_0_S00_AXI_inst/fft_parallel/butterfly_generator[3].butterfly/mul/cPlusDtimesB_reg input fft_parallel_i/fft_parallel_ip_0/inst/fft_parallel_ip_v1_0_S00_AXI_inst/fft_parallel/butterfly_generator[3].butterfly/mul/cPlusDtimesB_reg/B[17:0] is not pipelined. Pipelining DSP48 input will improve performance.
Related violations: <none>

DPOP-3#1 Warning
PREG Output pipelining  
DSP fft_parallel_i/fft_parallel_ip_0/inst/fft_parallel_ip_v1_0_S00_AXI_inst/fft_parallel/butterfly_generator[0].butterfly/mul/aMinusBtimesD0 output fft_parallel_i/fft_parallel_ip_0/inst/fft_parallel_ip_v1_0_S00_AXI_inst/fft_parallel/butterfly_generator[0].butterfly/mul/aMinusBtimesD0/P[47:0] is not pipelined (PREG=0). Pipelining the DSP48 output will improve performance and often saves power so it is suggested whenever possible to fully pipeline this function.  If this DSP48 function was inferred, it is suggested to describe an additional register stage after this function.  If the DSP48 was instantiated in the design, it is suggested to set the PREG attribute to 1.
Related violations: <none>

DPOP-3#2 Warning
PREG Output pipelining  
DSP fft_parallel_i/fft_parallel_ip_0/inst/fft_parallel_ip_v1_0_S00_AXI_inst/fft_parallel/butterfly_generator[0].butterfly/mul/cMinusDtimesA0 output fft_parallel_i/fft_parallel_ip_0/inst/fft_parallel_ip_v1_0_S00_AXI_inst/fft_parallel/butterfly_generator[0].butterfly/mul/cMinusDtimesA0/P[47:0] is not pipelined (PREG=0). Pipelining the DSP48 output will improve performance and often saves power so it is suggested whenever possible to fully pipeline this function.  If this DSP48 function was inferred, it is suggested to describe an additional register stage after this function.  If the DSP48 was instantiated in the design, it is suggested to set the PREG attribute to 1.
Related violations: <none>

DPOP-3#3 Warning
PREG Output pipelining  
DSP fft_parallel_i/fft_parallel_ip_0/inst/fft_parallel_ip_v1_0_S00_AXI_inst/fft_parallel/butterfly_generator[0].butterfly/mul/cPlusDtimesB0 output fft_parallel_i/fft_parallel_ip_0/inst/fft_parallel_ip_v1_0_S00_AXI_inst/fft_parallel/butterfly_generator[0].butterfly/mul/cPlusDtimesB0/P[47:0] is not pipelined (PREG=0). Pipelining the DSP48 output will improve performance and often saves power so it is suggested whenever possible to fully pipeline this function.  If this DSP48 function was inferred, it is suggested to describe an additional register stage after this function.  If the DSP48 was instantiated in the design, it is suggested to set the PREG attribute to 1.
Related violations: <none>

DPOP-3#4 Warning
PREG Output pipelining  
DSP fft_parallel_i/fft_parallel_ip_0/inst/fft_parallel_ip_v1_0_S00_AXI_inst/fft_parallel/butterfly_generator[1].butterfly/mul/aMinusBtimesD0 output fft_parallel_i/fft_parallel_ip_0/inst/fft_parallel_ip_v1_0_S00_AXI_inst/fft_parallel/butterfly_generator[1].butterfly/mul/aMinusBtimesD0/P[47:0] is not pipelined (PREG=0). Pipelining the DSP48 output will improve performance and often saves power so it is suggested whenever possible to fully pipeline this function.  If this DSP48 function was inferred, it is suggested to describe an additional register stage after this function.  If the DSP48 was instantiated in the design, it is suggested to set the PREG attribute to 1.
Related violations: <none>

DPOP-3#5 Warning
PREG Output pipelining  
DSP fft_parallel_i/fft_parallel_ip_0/inst/fft_parallel_ip_v1_0_S00_AXI_inst/fft_parallel/butterfly_generator[1].butterfly/mul/cMinusDtimesA0 output fft_parallel_i/fft_parallel_ip_0/inst/fft_parallel_ip_v1_0_S00_AXI_inst/fft_parallel/butterfly_generator[1].butterfly/mul/cMinusDtimesA0/P[47:0] is not pipelined (PREG=0). Pipelining the DSP48 output will improve performance and often saves power so it is suggested whenever possible to fully pipeline this function.  If this DSP48 function was inferred, it is suggested to describe an additional register stage after this function.  If the DSP48 was instantiated in the design, it is suggested to set the PREG attribute to 1.
Related violations: <none>

DPOP-3#6 Warning
PREG Output pipelining  
DSP fft_parallel_i/fft_parallel_ip_0/inst/fft_parallel_ip_v1_0_S00_AXI_inst/fft_parallel/butterfly_generator[1].butterfly/mul/cPlusDtimesB0 output fft_parallel_i/fft_parallel_ip_0/inst/fft_parallel_ip_v1_0_S00_AXI_inst/fft_parallel/butterfly_generator[1].butterfly/mul/cPlusDtimesB0/P[47:0] is not pipelined (PREG=0). Pipelining the DSP48 output will improve performance and often saves power so it is suggested whenever possible to fully pipeline this function.  If this DSP48 function was inferred, it is suggested to describe an additional register stage after this function.  If the DSP48 was instantiated in the design, it is suggested to set the PREG attribute to 1.
Related violations: <none>

DPOP-3#7 Warning
PREG Output pipelining  
DSP fft_parallel_i/fft_parallel_ip_0/inst/fft_parallel_ip_v1_0_S00_AXI_inst/fft_parallel/butterfly_generator[2].butterfly/mul/aMinusBtimesD0 output fft_parallel_i/fft_parallel_ip_0/inst/fft_parallel_ip_v1_0_S00_AXI_inst/fft_parallel/butterfly_generator[2].butterfly/mul/aMinusBtimesD0/P[47:0] is not pipelined (PREG=0). Pipelining the DSP48 output will improve performance and often saves power so it is suggested whenever possible to fully pipeline this function.  If this DSP48 function was inferred, it is suggested to describe an additional register stage after this function.  If the DSP48 was instantiated in the design, it is suggested to set the PREG attribute to 1.
Related violations: <none>

DPOP-3#8 Warning
PREG Output pipelining  
DSP fft_parallel_i/fft_parallel_ip_0/inst/fft_parallel_ip_v1_0_S00_AXI_inst/fft_parallel/butterfly_generator[2].butterfly/mul/cMinusDtimesA0 output fft_parallel_i/fft_parallel_ip_0/inst/fft_parallel_ip_v1_0_S00_AXI_inst/fft_parallel/butterfly_generator[2].butterfly/mul/cMinusDtimesA0/P[47:0] is not pipelined (PREG=0). Pipelining the DSP48 output will improve performance and often saves power so it is suggested whenever possible to fully pipeline this function.  If this DSP48 function was inferred, it is suggested to describe an additional register stage after this function.  If the DSP48 was instantiated in the design, it is suggested to set the PREG attribute to 1.
Related violations: <none>

DPOP-3#9 Warning
PREG Output pipelining  
DSP fft_parallel_i/fft_parallel_ip_0/inst/fft_parallel_ip_v1_0_S00_AXI_inst/fft_parallel/butterfly_generator[2].butterfly/mul/cPlusDtimesB0 output fft_parallel_i/fft_parallel_ip_0/inst/fft_parallel_ip_v1_0_S00_AXI_inst/fft_parallel/butterfly_generator[2].butterfly/mul/cPlusDtimesB0/P[47:0] is not pipelined (PREG=0). Pipelining the DSP48 output will improve performance and often saves power so it is suggested whenever possible to fully pipeline this function.  If this DSP48 function was inferred, it is suggested to describe an additional register stage after this function.  If the DSP48 was instantiated in the design, it is suggested to set the PREG attribute to 1.
Related violations: <none>

DPOP-3#10 Warning
PREG Output pipelining  
DSP fft_parallel_i/fft_parallel_ip_0/inst/fft_parallel_ip_v1_0_S00_AXI_inst/fft_parallel/butterfly_generator[3].butterfly/mul/aMinusBtimesD0 output fft_parallel_i/fft_parallel_ip_0/inst/fft_parallel_ip_v1_0_S00_AXI_inst/fft_parallel/butterfly_generator[3].butterfly/mul/aMinusBtimesD0/P[47:0] is not pipelined (PREG=0). Pipelining the DSP48 output will improve performance and often saves power so it is suggested whenever possible to fully pipeline this function.  If this DSP48 function was inferred, it is suggested to describe an additional register stage after this function.  If the DSP48 was instantiated in the design, it is suggested to set the PREG attribute to 1.
Related violations: <none>

DPOP-3#11 Warning
PREG Output pipelining  
DSP fft_parallel_i/fft_parallel_ip_0/inst/fft_parallel_ip_v1_0_S00_AXI_inst/fft_parallel/butterfly_generator[3].butterfly/mul/cMinusDtimesA0 output fft_parallel_i/fft_parallel_ip_0/inst/fft_parallel_ip_v1_0_S00_AXI_inst/fft_parallel/butterfly_generator[3].butterfly/mul/cMinusDtimesA0/P[47:0] is not pipelined (PREG=0). Pipelining the DSP48 output will improve performance and often saves power so it is suggested whenever possible to fully pipeline this function.  If this DSP48 function was inferred, it is suggested to describe an additional register stage after this function.  If the DSP48 was instantiated in the design, it is suggested to set the PREG attribute to 1.
Related violations: <none>

DPOP-3#12 Warning
PREG Output pipelining  
DSP fft_parallel_i/fft_parallel_ip_0/inst/fft_parallel_ip_v1_0_S00_AXI_inst/fft_parallel/butterfly_generator[3].butterfly/mul/cPlusDtimesB0 output fft_parallel_i/fft_parallel_ip_0/inst/fft_parallel_ip_v1_0_S00_AXI_inst/fft_parallel/butterfly_generator[3].butterfly/mul/cPlusDtimesB0/P[47:0] is not pipelined (PREG=0). Pipelining the DSP48 output will improve performance and often saves power so it is suggested whenever possible to fully pipeline this function.  If this DSP48 function was inferred, it is suggested to describe an additional register stage after this function.  If the DSP48 was instantiated in the design, it is suggested to set the PREG attribute to 1.
Related violations: <none>

DPOP-4#1 Warning
MREG Output pipelining  
DSP fft_parallel_i/fft_parallel_ip_0/inst/fft_parallel_ip_v1_0_S00_AXI_inst/fft_parallel/butterfly_generator[0].butterfly/mul/aMinusBtimesD0 multiplier stage fft_parallel_i/fft_parallel_ip_0/inst/fft_parallel_ip_v1_0_S00_AXI_inst/fft_parallel/butterfly_generator[0].butterfly/mul/aMinusBtimesD0/P[47:0] is not pipelined (MREG=0). Pipelining the multiplier function will improve performance and will save significant power so it is suggested whenever possible to fully pipeline this function.  If this multiplier was inferred, it is suggested to describe an additional register stage after this function.  If there is no registered adder/accumulator following the multiply function, two pipeline stages are suggested to allow both the MREG and PREG registers to be used.  If the DSP48 was instantiated in the design, it is suggested to set both the MREG and PREG attributes to 1 when performing multiply functions.
Related violations: <none>

DPOP-4#2 Warning
MREG Output pipelining  
DSP fft_parallel_i/fft_parallel_ip_0/inst/fft_parallel_ip_v1_0_S00_AXI_inst/fft_parallel/butterfly_generator[0].butterfly/mul/aMinusBtimesD_reg multiplier stage fft_parallel_i/fft_parallel_ip_0/inst/fft_parallel_ip_v1_0_S00_AXI_inst/fft_parallel/butterfly_generator[0].butterfly/mul/aMinusBtimesD_reg/P[47:0] is not pipelined (MREG=0). Pipelining the multiplier function will improve performance and will save significant power so it is suggested whenever possible to fully pipeline this function.  If this multiplier was inferred, it is suggested to describe an additional register stage after this function.  If there is no registered adder/accumulator following the multiply function, two pipeline stages are suggested to allow both the MREG and PREG registers to be used.  If the DSP48 was instantiated in the design, it is suggested to set both the MREG and PREG attributes to 1 when performing multiply functions.
Related violations: <none>

DPOP-4#3 Warning
MREG Output pipelining  
DSP fft_parallel_i/fft_parallel_ip_0/inst/fft_parallel_ip_v1_0_S00_AXI_inst/fft_parallel/butterfly_generator[0].butterfly/mul/cMinusDtimesA0 multiplier stage fft_parallel_i/fft_parallel_ip_0/inst/fft_parallel_ip_v1_0_S00_AXI_inst/fft_parallel/butterfly_generator[0].butterfly/mul/cMinusDtimesA0/P[47:0] is not pipelined (MREG=0). Pipelining the multiplier function will improve performance and will save significant power so it is suggested whenever possible to fully pipeline this function.  If this multiplier was inferred, it is suggested to describe an additional register stage after this function.  If there is no registered adder/accumulator following the multiply function, two pipeline stages are suggested to allow both the MREG and PREG registers to be used.  If the DSP48 was instantiated in the design, it is suggested to set both the MREG and PREG attributes to 1 when performing multiply functions.
Related violations: <none>

DPOP-4#4 Warning
MREG Output pipelining  
DSP fft_parallel_i/fft_parallel_ip_0/inst/fft_parallel_ip_v1_0_S00_AXI_inst/fft_parallel/butterfly_generator[0].butterfly/mul/cMinusDtimesA_reg multiplier stage fft_parallel_i/fft_parallel_ip_0/inst/fft_parallel_ip_v1_0_S00_AXI_inst/fft_parallel/butterfly_generator[0].butterfly/mul/cMinusDtimesA_reg/P[47:0] is not pipelined (MREG=0). Pipelining the multiplier function will improve performance and will save significant power so it is suggested whenever possible to fully pipeline this function.  If this multiplier was inferred, it is suggested to describe an additional register stage after this function.  If there is no registered adder/accumulator following the multiply function, two pipeline stages are suggested to allow both the MREG and PREG registers to be used.  If the DSP48 was instantiated in the design, it is suggested to set both the MREG and PREG attributes to 1 when performing multiply functions.
Related violations: <none>

DPOP-4#5 Warning
MREG Output pipelining  
DSP fft_parallel_i/fft_parallel_ip_0/inst/fft_parallel_ip_v1_0_S00_AXI_inst/fft_parallel/butterfly_generator[0].butterfly/mul/cPlusDtimesB0 multiplier stage fft_parallel_i/fft_parallel_ip_0/inst/fft_parallel_ip_v1_0_S00_AXI_inst/fft_parallel/butterfly_generator[0].butterfly/mul/cPlusDtimesB0/P[47:0] is not pipelined (MREG=0). Pipelining the multiplier function will improve performance and will save significant power so it is suggested whenever possible to fully pipeline this function.  If this multiplier was inferred, it is suggested to describe an additional register stage after this function.  If there is no registered adder/accumulator following the multiply function, two pipeline stages are suggested to allow both the MREG and PREG registers to be used.  If the DSP48 was instantiated in the design, it is suggested to set both the MREG and PREG attributes to 1 when performing multiply functions.
Related violations: <none>

DPOP-4#6 Warning
MREG Output pipelining  
DSP fft_parallel_i/fft_parallel_ip_0/inst/fft_parallel_ip_v1_0_S00_AXI_inst/fft_parallel/butterfly_generator[0].butterfly/mul/cPlusDtimesB_reg multiplier stage fft_parallel_i/fft_parallel_ip_0/inst/fft_parallel_ip_v1_0_S00_AXI_inst/fft_parallel/butterfly_generator[0].butterfly/mul/cPlusDtimesB_reg/P[47:0] is not pipelined (MREG=0). Pipelining the multiplier function will improve performance and will save significant power so it is suggested whenever possible to fully pipeline this function.  If this multiplier was inferred, it is suggested to describe an additional register stage after this function.  If there is no registered adder/accumulator following the multiply function, two pipeline stages are suggested to allow both the MREG and PREG registers to be used.  If the DSP48 was instantiated in the design, it is suggested to set both the MREG and PREG attributes to 1 when performing multiply functions.
Related violations: <none>

DPOP-4#7 Warning
MREG Output pipelining  
DSP fft_parallel_i/fft_parallel_ip_0/inst/fft_parallel_ip_v1_0_S00_AXI_inst/fft_parallel/butterfly_generator[1].butterfly/mul/aMinusBtimesD0 multiplier stage fft_parallel_i/fft_parallel_ip_0/inst/fft_parallel_ip_v1_0_S00_AXI_inst/fft_parallel/butterfly_generator[1].butterfly/mul/aMinusBtimesD0/P[47:0] is not pipelined (MREG=0). Pipelining the multiplier function will improve performance and will save significant power so it is suggested whenever possible to fully pipeline this function.  If this multiplier was inferred, it is suggested to describe an additional register stage after this function.  If there is no registered adder/accumulator following the multiply function, two pipeline stages are suggested to allow both the MREG and PREG registers to be used.  If the DSP48 was instantiated in the design, it is suggested to set both the MREG and PREG attributes to 1 when performing multiply functions.
Related violations: <none>

DPOP-4#8 Warning
MREG Output pipelining  
DSP fft_parallel_i/fft_parallel_ip_0/inst/fft_parallel_ip_v1_0_S00_AXI_inst/fft_parallel/butterfly_generator[1].butterfly/mul/aMinusBtimesD_reg multiplier stage fft_parallel_i/fft_parallel_ip_0/inst/fft_parallel_ip_v1_0_S00_AXI_inst/fft_parallel/butterfly_generator[1].butterfly/mul/aMinusBtimesD_reg/P[47:0] is not pipelined (MREG=0). Pipelining the multiplier function will improve performance and will save significant power so it is suggested whenever possible to fully pipeline this function.  If this multiplier was inferred, it is suggested to describe an additional register stage after this function.  If there is no registered adder/accumulator following the multiply function, two pipeline stages are suggested to allow both the MREG and PREG registers to be used.  If the DSP48 was instantiated in the design, it is suggested to set both the MREG and PREG attributes to 1 when performing multiply functions.
Related violations: <none>

DPOP-4#9 Warning
MREG Output pipelining  
DSP fft_parallel_i/fft_parallel_ip_0/inst/fft_parallel_ip_v1_0_S00_AXI_inst/fft_parallel/butterfly_generator[1].butterfly/mul/cMinusDtimesA0 multiplier stage fft_parallel_i/fft_parallel_ip_0/inst/fft_parallel_ip_v1_0_S00_AXI_inst/fft_parallel/butterfly_generator[1].butterfly/mul/cMinusDtimesA0/P[47:0] is not pipelined (MREG=0). Pipelining the multiplier function will improve performance and will save significant power so it is suggested whenever possible to fully pipeline this function.  If this multiplier was inferred, it is suggested to describe an additional register stage after this function.  If there is no registered adder/accumulator following the multiply function, two pipeline stages are suggested to allow both the MREG and PREG registers to be used.  If the DSP48 was instantiated in the design, it is suggested to set both the MREG and PREG attributes to 1 when performing multiply functions.
Related violations: <none>

DPOP-4#10 Warning
MREG Output pipelining  
DSP fft_parallel_i/fft_parallel_ip_0/inst/fft_parallel_ip_v1_0_S00_AXI_inst/fft_parallel/butterfly_generator[1].butterfly/mul/cMinusDtimesA_reg multiplier stage fft_parallel_i/fft_parallel_ip_0/inst/fft_parallel_ip_v1_0_S00_AXI_inst/fft_parallel/butterfly_generator[1].butterfly/mul/cMinusDtimesA_reg/P[47:0] is not pipelined (MREG=0). Pipelining the multiplier function will improve performance and will save significant power so it is suggested whenever possible to fully pipeline this function.  If this multiplier was inferred, it is suggested to describe an additional register stage after this function.  If there is no registered adder/accumulator following the multiply function, two pipeline stages are suggested to allow both the MREG and PREG registers to be used.  If the DSP48 was instantiated in the design, it is suggested to set both the MREG and PREG attributes to 1 when performing multiply functions.
Related violations: <none>

DPOP-4#11 Warning
MREG Output pipelining  
DSP fft_parallel_i/fft_parallel_ip_0/inst/fft_parallel_ip_v1_0_S00_AXI_inst/fft_parallel/butterfly_generator[1].butterfly/mul/cPlusDtimesB0 multiplier stage fft_parallel_i/fft_parallel_ip_0/inst/fft_parallel_ip_v1_0_S00_AXI_inst/fft_parallel/butterfly_generator[1].butterfly/mul/cPlusDtimesB0/P[47:0] is not pipelined (MREG=0). Pipelining the multiplier function will improve performance and will save significant power so it is suggested whenever possible to fully pipeline this function.  If this multiplier was inferred, it is suggested to describe an additional register stage after this function.  If there is no registered adder/accumulator following the multiply function, two pipeline stages are suggested to allow both the MREG and PREG registers to be used.  If the DSP48 was instantiated in the design, it is suggested to set both the MREG and PREG attributes to 1 when performing multiply functions.
Related violations: <none>

DPOP-4#12 Warning
MREG Output pipelining  
DSP fft_parallel_i/fft_parallel_ip_0/inst/fft_parallel_ip_v1_0_S00_AXI_inst/fft_parallel/butterfly_generator[1].butterfly/mul/cPlusDtimesB_reg multiplier stage fft_parallel_i/fft_parallel_ip_0/inst/fft_parallel_ip_v1_0_S00_AXI_inst/fft_parallel/butterfly_generator[1].butterfly/mul/cPlusDtimesB_reg/P[47:0] is not pipelined (MREG=0). Pipelining the multiplier function will improve performance and will save significant power so it is suggested whenever possible to fully pipeline this function.  If this multiplier was inferred, it is suggested to describe an additional register stage after this function.  If there is no registered adder/accumulator following the multiply function, two pipeline stages are suggested to allow both the MREG and PREG registers to be used.  If the DSP48 was instantiated in the design, it is suggested to set both the MREG and PREG attributes to 1 when performing multiply functions.
Related violations: <none>

DPOP-4#13 Warning
MREG Output pipelining  
DSP fft_parallel_i/fft_parallel_ip_0/inst/fft_parallel_ip_v1_0_S00_AXI_inst/fft_parallel/butterfly_generator[2].butterfly/mul/aMinusBtimesD0 multiplier stage fft_parallel_i/fft_parallel_ip_0/inst/fft_parallel_ip_v1_0_S00_AXI_inst/fft_parallel/butterfly_generator[2].butterfly/mul/aMinusBtimesD0/P[47:0] is not pipelined (MREG=0). Pipelining the multiplier function will improve performance and will save significant power so it is suggested whenever possible to fully pipeline this function.  If this multiplier was inferred, it is suggested to describe an additional register stage after this function.  If there is no registered adder/accumulator following the multiply function, two pipeline stages are suggested to allow both the MREG and PREG registers to be used.  If the DSP48 was instantiated in the design, it is suggested to set both the MREG and PREG attributes to 1 when performing multiply functions.
Related violations: <none>

DPOP-4#14 Warning
MREG Output pipelining  
DSP fft_parallel_i/fft_parallel_ip_0/inst/fft_parallel_ip_v1_0_S00_AXI_inst/fft_parallel/butterfly_generator[2].butterfly/mul/aMinusBtimesD_reg multiplier stage fft_parallel_i/fft_parallel_ip_0/inst/fft_parallel_ip_v1_0_S00_AXI_inst/fft_parallel/butterfly_generator[2].butterfly/mul/aMinusBtimesD_reg/P[47:0] is not pipelined (MREG=0). Pipelining the multiplier function will improve performance and will save significant power so it is suggested whenever possible to fully pipeline this function.  If this multiplier was inferred, it is suggested to describe an additional register stage after this function.  If there is no registered adder/accumulator following the multiply function, two pipeline stages are suggested to allow both the MREG and PREG registers to be used.  If the DSP48 was instantiated in the design, it is suggested to set both the MREG and PREG attributes to 1 when performing multiply functions.
Related violations: <none>

DPOP-4#15 Warning
MREG Output pipelining  
DSP fft_parallel_i/fft_parallel_ip_0/inst/fft_parallel_ip_v1_0_S00_AXI_inst/fft_parallel/butterfly_generator[2].butterfly/mul/cMinusDtimesA0 multiplier stage fft_parallel_i/fft_parallel_ip_0/inst/fft_parallel_ip_v1_0_S00_AXI_inst/fft_parallel/butterfly_generator[2].butterfly/mul/cMinusDtimesA0/P[47:0] is not pipelined (MREG=0). Pipelining the multiplier function will improve performance and will save significant power so it is suggested whenever possible to fully pipeline this function.  If this multiplier was inferred, it is suggested to describe an additional register stage after this function.  If there is no registered adder/accumulator following the multiply function, two pipeline stages are suggested to allow both the MREG and PREG registers to be used.  If the DSP48 was instantiated in the design, it is suggested to set both the MREG and PREG attributes to 1 when performing multiply functions.
Related violations: <none>

DPOP-4#16 Warning
MREG Output pipelining  
DSP fft_parallel_i/fft_parallel_ip_0/inst/fft_parallel_ip_v1_0_S00_AXI_inst/fft_parallel/butterfly_generator[2].butterfly/mul/cMinusDtimesA_reg multiplier stage fft_parallel_i/fft_parallel_ip_0/inst/fft_parallel_ip_v1_0_S00_AXI_inst/fft_parallel/butterfly_generator[2].butterfly/mul/cMinusDtimesA_reg/P[47:0] is not pipelined (MREG=0). Pipelining the multiplier function will improve performance and will save significant power so it is suggested whenever possible to fully pipeline this function.  If this multiplier was inferred, it is suggested to describe an additional register stage after this function.  If there is no registered adder/accumulator following the multiply function, two pipeline stages are suggested to allow both the MREG and PREG registers to be used.  If the DSP48 was instantiated in the design, it is suggested to set both the MREG and PREG attributes to 1 when performing multiply functions.
Related violations: <none>

DPOP-4#17 Warning
MREG Output pipelining  
DSP fft_parallel_i/fft_parallel_ip_0/inst/fft_parallel_ip_v1_0_S00_AXI_inst/fft_parallel/butterfly_generator[2].butterfly/mul/cPlusDtimesB0 multiplier stage fft_parallel_i/fft_parallel_ip_0/inst/fft_parallel_ip_v1_0_S00_AXI_inst/fft_parallel/butterfly_generator[2].butterfly/mul/cPlusDtimesB0/P[47:0] is not pipelined (MREG=0). Pipelining the multiplier function will improve performance and will save significant power so it is suggested whenever possible to fully pipeline this function.  If this multiplier was inferred, it is suggested to describe an additional register stage after this function.  If there is no registered adder/accumulator following the multiply function, two pipeline stages are suggested to allow both the MREG and PREG registers to be used.  If the DSP48 was instantiated in the design, it is suggested to set both the MREG and PREG attributes to 1 when performing multiply functions.
Related violations: <none>

DPOP-4#18 Warning
MREG Output pipelining  
DSP fft_parallel_i/fft_parallel_ip_0/inst/fft_parallel_ip_v1_0_S00_AXI_inst/fft_parallel/butterfly_generator[2].butterfly/mul/cPlusDtimesB_reg multiplier stage fft_parallel_i/fft_parallel_ip_0/inst/fft_parallel_ip_v1_0_S00_AXI_inst/fft_parallel/butterfly_generator[2].butterfly/mul/cPlusDtimesB_reg/P[47:0] is not pipelined (MREG=0). Pipelining the multiplier function will improve performance and will save significant power so it is suggested whenever possible to fully pipeline this function.  If this multiplier was inferred, it is suggested to describe an additional register stage after this function.  If there is no registered adder/accumulator following the multiply function, two pipeline stages are suggested to allow both the MREG and PREG registers to be used.  If the DSP48 was instantiated in the design, it is suggested to set both the MREG and PREG attributes to 1 when performing multiply functions.
Related violations: <none>

DPOP-4#19 Warning
MREG Output pipelining  
DSP fft_parallel_i/fft_parallel_ip_0/inst/fft_parallel_ip_v1_0_S00_AXI_inst/fft_parallel/butterfly_generator[3].butterfly/mul/aMinusBtimesD0 multiplier stage fft_parallel_i/fft_parallel_ip_0/inst/fft_parallel_ip_v1_0_S00_AXI_inst/fft_parallel/butterfly_generator[3].butterfly/mul/aMinusBtimesD0/P[47:0] is not pipelined (MREG=0). Pipelining the multiplier function will improve performance and will save significant power so it is suggested whenever possible to fully pipeline this function.  If this multiplier was inferred, it is suggested to describe an additional register stage after this function.  If there is no registered adder/accumulator following the multiply function, two pipeline stages are suggested to allow both the MREG and PREG registers to be used.  If the DSP48 was instantiated in the design, it is suggested to set both the MREG and PREG attributes to 1 when performing multiply functions.
Related violations: <none>

DPOP-4#20 Warning
MREG Output pipelining  
DSP fft_parallel_i/fft_parallel_ip_0/inst/fft_parallel_ip_v1_0_S00_AXI_inst/fft_parallel/butterfly_generator[3].butterfly/mul/aMinusBtimesD_reg multiplier stage fft_parallel_i/fft_parallel_ip_0/inst/fft_parallel_ip_v1_0_S00_AXI_inst/fft_parallel/butterfly_generator[3].butterfly/mul/aMinusBtimesD_reg/P[47:0] is not pipelined (MREG=0). Pipelining the multiplier function will improve performance and will save significant power so it is suggested whenever possible to fully pipeline this function.  If this multiplier was inferred, it is suggested to describe an additional register stage after this function.  If there is no registered adder/accumulator following the multiply function, two pipeline stages are suggested to allow both the MREG and PREG registers to be used.  If the DSP48 was instantiated in the design, it is suggested to set both the MREG and PREG attributes to 1 when performing multiply functions.
Related violations: <none>

DPOP-4#21 Warning
MREG Output pipelining  
DSP fft_parallel_i/fft_parallel_ip_0/inst/fft_parallel_ip_v1_0_S00_AXI_inst/fft_parallel/butterfly_generator[3].butterfly/mul/cMinusDtimesA0 multiplier stage fft_parallel_i/fft_parallel_ip_0/inst/fft_parallel_ip_v1_0_S00_AXI_inst/fft_parallel/butterfly_generator[3].butterfly/mul/cMinusDtimesA0/P[47:0] is not pipelined (MREG=0). Pipelining the multiplier function will improve performance and will save significant power so it is suggested whenever possible to fully pipeline this function.  If this multiplier was inferred, it is suggested to describe an additional register stage after this function.  If there is no registered adder/accumulator following the multiply function, two pipeline stages are suggested to allow both the MREG and PREG registers to be used.  If the DSP48 was instantiated in the design, it is suggested to set both the MREG and PREG attributes to 1 when performing multiply functions.
Related violations: <none>

DPOP-4#22 Warning
MREG Output pipelining  
DSP fft_parallel_i/fft_parallel_ip_0/inst/fft_parallel_ip_v1_0_S00_AXI_inst/fft_parallel/butterfly_generator[3].butterfly/mul/cMinusDtimesA_reg multiplier stage fft_parallel_i/fft_parallel_ip_0/inst/fft_parallel_ip_v1_0_S00_AXI_inst/fft_parallel/butterfly_generator[3].butterfly/mul/cMinusDtimesA_reg/P[47:0] is not pipelined (MREG=0). Pipelining the multiplier function will improve performance and will save significant power so it is suggested whenever possible to fully pipeline this function.  If this multiplier was inferred, it is suggested to describe an additional register stage after this function.  If there is no registered adder/accumulator following the multiply function, two pipeline stages are suggested to allow both the MREG and PREG registers to be used.  If the DSP48 was instantiated in the design, it is suggested to set both the MREG and PREG attributes to 1 when performing multiply functions.
Related violations: <none>

DPOP-4#23 Warning
MREG Output pipelining  
DSP fft_parallel_i/fft_parallel_ip_0/inst/fft_parallel_ip_v1_0_S00_AXI_inst/fft_parallel/butterfly_generator[3].butterfly/mul/cPlusDtimesB0 multiplier stage fft_parallel_i/fft_parallel_ip_0/inst/fft_parallel_ip_v1_0_S00_AXI_inst/fft_parallel/butterfly_generator[3].butterfly/mul/cPlusDtimesB0/P[47:0] is not pipelined (MREG=0). Pipelining the multiplier function will improve performance and will save significant power so it is suggested whenever possible to fully pipeline this function.  If this multiplier was inferred, it is suggested to describe an additional register stage after this function.  If there is no registered adder/accumulator following the multiply function, two pipeline stages are suggested to allow both the MREG and PREG registers to be used.  If the DSP48 was instantiated in the design, it is suggested to set both the MREG and PREG attributes to 1 when performing multiply functions.
Related violations: <none>

DPOP-4#24 Warning
MREG Output pipelining  
DSP fft_parallel_i/fft_parallel_ip_0/inst/fft_parallel_ip_v1_0_S00_AXI_inst/fft_parallel/butterfly_generator[3].butterfly/mul/cPlusDtimesB_reg multiplier stage fft_parallel_i/fft_parallel_ip_0/inst/fft_parallel_ip_v1_0_S00_AXI_inst/fft_parallel/butterfly_generator[3].butterfly/mul/cPlusDtimesB_reg/P[47:0] is not pipelined (MREG=0). Pipelining the multiplier function will improve performance and will save significant power so it is suggested whenever possible to fully pipeline this function.  If this multiplier was inferred, it is suggested to describe an additional register stage after this function.  If there is no registered adder/accumulator following the multiply function, two pipeline stages are suggested to allow both the MREG and PREG registers to be used.  If the DSP48 was instantiated in the design, it is suggested to set both the MREG and PREG attributes to 1 when performing multiply functions.
Related violations: <none>

PDCN-1569#1 Warning
LUT equation term check  
Used physical LUT pin 'A2' of cell fft_parallel_i/ps8_0_axi_periph/s01_couplers/auto_ds/inst/gen_downsizer.gen_simple_downsizer.axi_downsizer_inst/USE_WRITE.write_addr_inst/USE_B_CHANNEL.cmd_b_queue/inst/fifo_gen_inst/inst_fifo_gen/gconvfifo.rf/grf.rf/gntv_or_sync_fifo.gl0.rd/gr1.gr1_int.rfwft/gpregsm1.user_valid_i_1 (pin fft_parallel_i/ps8_0_axi_periph/s01_couplers/auto_ds/inst/gen_downsizer.gen_simple_downsizer.axi_downsizer_inst/USE_WRITE.write_addr_inst/USE_B_CHANNEL.cmd_b_queue/inst/fifo_gen_inst/inst_fifo_gen/gconvfifo.rf/grf.rf/gntv_or_sync_fifo.gl0.rd/gr1.gr1_int.rfwft/gpregsm1.user_valid_i_1/I1) is not included in the LUT equation: 'O5=(A3)+((~A3)*(~A1)*A4)'. If this cell is a user instantiated LUT in the design, please remove connectivity to the pin or change the equation and/or INIT string of the LUT to prevent this issue. If the cell is inferred or IP created LUT, please regenerate the IP and/or resynthesize the design to attempt to correct the issue.
Related violations: <none>

PDCN-1569#2 Warning
LUT equation term check  
Used physical LUT pin 'A3' of cell fft_parallel_i/ps8_0_axi_periph/s00_couplers/auto_ds/inst/gen_downsizer.gen_simple_downsizer.axi_downsizer_inst/USE_READ.read_addr_inst/cmd_queue/inst/fifo_gen_inst/inst_fifo_gen/gconvfifo.rf/grf.rf/gntv_or_sync_fifo.gl0.rd/gr1.gr1_int.rfwft/gpregsm1.user_valid_i_1 (pin fft_parallel_i/ps8_0_axi_periph/s00_couplers/auto_ds/inst/gen_downsizer.gen_simple_downsizer.axi_downsizer_inst/USE_READ.read_addr_inst/cmd_queue/inst/fifo_gen_inst/inst_fifo_gen/gconvfifo.rf/grf.rf/gntv_or_sync_fifo.gl0.rd/gr1.gr1_int.rfwft/gpregsm1.user_valid_i_1/I1) is not included in the LUT equation: 'O5=(A5)+((~A5)*(~A1)*A4)'. If this cell is a user instantiated LUT in the design, please remove connectivity to the pin or change the equation and/or INIT string of the LUT to prevent this issue. If the cell is inferred or IP created LUT, please regenerate the IP and/or resynthesize the design to attempt to correct the issue.
Related violations: <none>

PDCN-1569#3 Warning
LUT equation term check  
Used physical LUT pin 'A3' of cell fft_parallel_i/ps8_0_axi_periph/s00_couplers/auto_ds/inst/gen_downsizer.gen_simple_downsizer.axi_downsizer_inst/USE_WRITE.write_addr_inst/cmd_queue/inst/fifo_gen_inst/inst_fifo_gen/gconvfifo.rf/grf.rf/gntv_or_sync_fifo.gl0.rd/gr1.gr1_int.rfwft/gpregsm1.user_valid_i_1 (pin fft_parallel_i/ps8_0_axi_periph/s00_couplers/auto_ds/inst/gen_downsizer.gen_simple_downsizer.axi_downsizer_inst/USE_WRITE.write_addr_inst/cmd_queue/inst/fifo_gen_inst/inst_fifo_gen/gconvfifo.rf/grf.rf/gntv_or_sync_fifo.gl0.rd/gr1.gr1_int.rfwft/gpregsm1.user_valid_i_1/I1) is not included in the LUT equation: 'O5=(A2)+((~A2)*(~A1)*A4)'. If this cell is a user instantiated LUT in the design, please remove connectivity to the pin or change the equation and/or INIT string of the LUT to prevent this issue. If the cell is inferred or IP created LUT, please regenerate the IP and/or resynthesize the design to attempt to correct the issue.
Related violations: <none>

PDCN-1569#4 Warning
LUT equation term check  
Used physical LUT pin 'A3' of cell fft_parallel_i/ps8_0_axi_periph/s01_couplers/auto_ds/inst/gen_downsizer.gen_simple_downsizer.axi_downsizer_inst/USE_READ.read_addr_inst/cmd_queue/inst/fifo_gen_inst/inst_fifo_gen/gconvfifo.rf/grf.rf/gntv_or_sync_fifo.gl0.rd/gr1.gr1_int.rfwft/gpregsm1.user_valid_i_1 (pin fft_parallel_i/ps8_0_axi_periph/s01_couplers/auto_ds/inst/gen_downsizer.gen_simple_downsizer.axi_downsizer_inst/USE_READ.read_addr_inst/cmd_queue/inst/fifo_gen_inst/inst_fifo_gen/gconvfifo.rf/grf.rf/gntv_or_sync_fifo.gl0.rd/gr1.gr1_int.rfwft/gpregsm1.user_valid_i_1/I1) is not included in the LUT equation: 'O5=(A5)+((~A5)*(~A1)*A4)'. If this cell is a user instantiated LUT in the design, please remove connectivity to the pin or change the equation and/or INIT string of the LUT to prevent this issue. If the cell is inferred or IP created LUT, please regenerate the IP and/or resynthesize the design to attempt to correct the issue.
Related violations: <none>

PDCN-1569#5 Warning
LUT equation term check  
Used physical LUT pin 'A3' of cell fft_parallel_i/ps8_0_axi_periph/s01_couplers/auto_ds/inst/gen_downsizer.gen_simple_downsizer.axi_downsizer_inst/USE_WRITE.write_addr_inst/cmd_queue/inst/fifo_gen_inst/inst_fifo_gen/gconvfifo.rf/grf.rf/gntv_or_sync_fifo.gl0.rd/gr1.gr1_int.rfwft/gpregsm1.user_valid_i_1 (pin fft_parallel_i/ps8_0_axi_periph/s01_couplers/auto_ds/inst/gen_downsizer.gen_simple_downsizer.axi_downsizer_inst/USE_WRITE.write_addr_inst/cmd_queue/inst/fifo_gen_inst/inst_fifo_gen/gconvfifo.rf/grf.rf/gntv_or_sync_fifo.gl0.rd/gr1.gr1_int.rfwft/gpregsm1.user_valid_i_1/I1) is not included in the LUT equation: 'O5=(A5)+((~A5)*(~A1)*A4)'. If this cell is a user instantiated LUT in the design, please remove connectivity to the pin or change the equation and/or INIT string of the LUT to prevent this issue. If the cell is inferred or IP created LUT, please regenerate the IP and/or resynthesize the design to attempt to correct the issue.
Related violations: <none>

PDCN-1569#6 Warning
LUT equation term check  
Used physical LUT pin 'A5' of cell fft_parallel_i/ps8_0_axi_periph/s00_couplers/auto_ds/inst/gen_downsizer.gen_simple_downsizer.axi_downsizer_inst/USE_WRITE.write_addr_inst/USE_B_CHANNEL.cmd_b_queue/inst/fifo_gen_inst/inst_fifo_gen/gconvfifo.rf/grf.rf/gntv_or_sync_fifo.gl0.rd/gr1.gr1_int.rfwft/gpregsm1.user_valid_i_1 (pin fft_parallel_i/ps8_0_axi_periph/s00_couplers/auto_ds/inst/gen_downsizer.gen_simple_downsizer.axi_downsizer_inst/USE_WRITE.write_addr_inst/USE_B_CHANNEL.cmd_b_queue/inst/fifo_gen_inst/inst_fifo_gen/gconvfifo.rf/grf.rf/gntv_or_sync_fifo.gl0.rd/gr1.gr1_int.rfwft/gpregsm1.user_valid_i_1/I1) is not included in the LUT equation: 'O5=(A3)+((~A3)*(~A2)*A4)'. If this cell is a user instantiated LUT in the design, please remove connectivity to the pin or change the equation and/or INIT string of the LUT to prevent this issue. If the cell is inferred or IP created LUT, please regenerate the IP and/or resynthesize the design to attempt to correct the issue.
Related violations: <none>

RTSTAT-10#1 Warning
No routable loads  
66 net(s) have no routable loads. The problem bus(es) and/or net(s) are fft_parallel_i/ps8_0_axi_periph/s00_couplers/auto_ds/inst/gen_downsizer.gen_simple_downsizer.axi_downsizer_inst/USE_READ.read_addr_inst/cmd_queue/inst/fifo_gen_inst/inst_fifo_gen/gconvfifo.rf/grf.rf/gntv_or_sync_fifo.gl0.rd/gr1.gr1_int.rfwft/aempty_fwft_i,
fft_parallel_i/ps8_0_axi_periph/s00_couplers/auto_ds/inst/gen_downsizer.gen_simple_downsizer.axi_downsizer_inst/USE_READ.read_addr_inst/cmd_queue/inst/fifo_gen_inst/inst_fifo_gen/gconvfifo.rf/grf.rf/rstblk/ngwrdrst.grst.rd_rst_reg[2:0],
fft_parallel_i/ps8_0_axi_periph/s00_couplers/auto_ds/inst/gen_downsizer.gen_simple_downsizer.axi_downsizer_inst/USE_WRITE.write_addr_inst/USE_B_CHANNEL.cmd_b_queue/inst/fifo_gen_inst/inst_fifo_gen/gconvfifo.rf/grf.rf/gntv_or_sync_fifo.gl0.rd/gr1.gr1_int.rfwft/aempty_fwft_i,
fft_parallel_i/ps8_0_axi_periph/s00_couplers/auto_ds/inst/gen_downsizer.gen_simple_downsizer.axi_downsizer_inst/USE_WRITE.write_addr_inst/USE_B_CHANNEL.cmd_b_queue/inst/fifo_gen_inst/inst_fifo_gen/gconvfifo.rf/grf.rf/rstblk/ngwrdrst.grst.rd_rst_reg[2:0],
fft_parallel_i/ps8_0_axi_periph/s00_couplers/auto_ds/inst/gen_downsizer.gen_simple_downsizer.axi_downsizer_inst/USE_WRITE.write_addr_inst/USE_B_CHANNEL.cmd_b_queue/inst/fifo_gen_inst/inst_fifo_gen/gconvfifo.rf/grf.rf/rstblk/ngwrdrst.grst.wr_rst_reg[2:0],
fft_parallel_i/ps8_0_axi_periph/s00_couplers/auto_ds/inst/gen_downsizer.gen_simple_downsizer.axi_downsizer_inst/USE_WRITE.write_addr_inst/cmd_queue/inst/fifo_gen_inst/inst_fifo_gen/gconvfifo.rf/grf.rf/gntv_or_sync_fifo.gl0.rd/gr1.gr1_int.rfwft/aempty_fwft_i,
fft_parallel_i/ps8_0_axi_periph/s00_couplers/auto_ds/inst/gen_downsizer.gen_simple_downsizer.axi_downsizer_inst/USE_WRITE.write_addr_inst/cmd_queue/inst/fifo_gen_inst/inst_fifo_gen/gconvfifo.rf/grf.rf/rstblk/ngwrdrst.grst.rd_rst_reg[2:0],
fft_parallel_i/ps8_0_axi_periph/s00_couplers/auto_ds/inst/gen_downsizer.gen_simple_downsizer.axi_downsizer_inst/USE_WRITE.write_addr_inst/cmd_queue/inst/fifo_gen_inst/inst_fifo_gen/gconvfifo.rf/grf.rf/rstblk/ngwrdrst.grst.wr_rst_reg[2:0],
fft_parallel_i/ps8_0_axi_periph/s01_couplers/auto_ds/inst/gen_downsizer.gen_simple_downsizer.axi_downsizer_inst/USE_READ.read_addr_inst/cmd_queue/inst/fifo_gen_inst/inst_fifo_gen/gconvfifo.rf/grf.rf/gntv_or_sync_fifo.gl0.rd/gr1.gr1_int.rfwft/aempty_fwft_i,
fft_parallel_i/ps8_0_axi_periph/s01_couplers/auto_ds/inst/gen_downsizer.gen_simple_downsizer.axi_downsizer_inst/USE_READ.read_addr_inst/cmd_queue/inst/fifo_gen_inst/inst_fifo_gen/gconvfifo.rf/grf.rf/rstblk/ngwrdrst.grst.rd_rst_reg[2:0],
fft_parallel_i/ps8_0_axi_periph/s01_couplers/auto_ds/inst/gen_downsizer.gen_simple_downsizer.axi_downsizer_inst/USE_READ.read_addr_inst/cmd_queue/inst/fifo_gen_inst/inst_fifo_gen/gconvfifo.rf/grf.rf/rstblk/ngwrdrst.grst.wr_rst_reg[2:0],
fft_parallel_i/ps8_0_axi_periph/s01_couplers/auto_ds/inst/gen_downsizer.gen_simple_downsizer.axi_downsizer_inst/USE_WRITE.write_addr_inst/USE_B_CHANNEL.cmd_b_queue/inst/fifo_gen_inst/inst_fifo_gen/gconvfifo.rf/grf.rf/gntv_or_sync_fifo.gl0.rd/gr1.gr1_int.rfwft/aempty_fwft_i,
fft_parallel_i/ps8_0_axi_periph/s01_couplers/auto_ds/inst/gen_downsizer.gen_simple_downsizer.axi_downsizer_inst/USE_WRITE.write_addr_inst/USE_B_CHANNEL.cmd_b_queue/inst/fifo_gen_inst/inst_fifo_gen/gconvfifo.rf/grf.rf/rstblk/ngwrdrst.grst.rd_rst_reg[2:0],
fft_parallel_i/ps8_0_axi_periph/s01_couplers/auto_ds/inst/gen_downsizer.gen_simple_downsizer.axi_downsizer_inst/USE_WRITE.write_addr_inst/cmd_queue/inst/fifo_gen_inst/inst_fifo_gen/gconvfifo.rf/grf.rf/gntv_or_sync_fifo.gl0.rd/gr1.gr1_int.rfwft/aempty_fwft_i,
fft_parallel_i/ps8_0_axi_periph/s01_couplers/auto_ds/inst/gen_downsizer.gen_simple_downsizer.axi_downsizer_inst/USE_WRITE.write_addr_inst/cmd_queue/inst/fifo_gen_inst/inst_fifo_gen/gconvfifo.rf/grf.rf/rstblk/ngwrdrst.grst.rd_rst_reg[2:0]
 (the first 15 of 42 listed).
Related violations: <none>


